<?xml version="1.0" encoding="UTF-8"?>
<!-- Generated by org.testng.reporters.JUnitReportReporter -->
<testsuite skipped="0" hostname="Shreyas" name="com.crmapp.loginTest.LoginTest" tests="4" failures="0" timestamp="15 Oct 2022 03:46:50 GMT" time="15.722" errors="0">
  <testcase name="testLogin" time="4.162" classname="com.crmapp.loginTest.LoginTest"/>
  <testcase name="testLogin" time="3.728" classname="com.crmapp.loginTest.LoginTest"/>
  <testcase name="testLogin" time="3.643" classname="com.crmapp.loginTest.LoginTest"/>
  <testcase name="testLogin" time="4.189" classname="com.crmapp.loginTest.LoginTest"/>
</testsuite> <!-- com.crmapp.loginTest.LoginTest -->
